<?xml version="1.0" encoding="UTF-8"?>
<!-- Generated by org.testng.reporters.JUnitReportReporter -->
<testsuite hostname="DESKTOP-8OSH69I" failures="0" tests="1" name="tests.ValidateLoginPage" time="138.506" errors="0" timestamp="2025-09-30T10:28:06 IST" skipped="0">
  <testcase classname="tests.ValidateLoginPage" name="validateLoginPage" time="138.506"/>
</testsuite> <!-- tests.ValidateLoginPage -->
